c:\users\fane\desktop\fac\oop\of-dinamic\of-dinamic\x64\debug\vc143.pdb
c:\users\fane\desktop\fac\oop\of-dinamic\of-dinamic\x64\debug\vc143.idb
c:\users\fane\desktop\fac\oop\of-dinamic\of-dinamic\x64\debug\main.obj
c:\users\fane\desktop\fac\oop\of-dinamic\of-dinamic\x64\debug\customsort.obj
c:\users\fane\desktop\fac\oop\of-dinamic\of-dinamic\x64\debug\oferte.obj
c:\users\fane\desktop\fac\oop\of-dinamic\of-dinamic\x64\debug\repo.obj
c:\users\fane\desktop\fac\oop\of-dinamic\of-dinamic\x64\debug\service.obj
c:\users\fane\desktop\fac\oop\of-dinamic\of-dinamic\x64\debug\of-dinamic.ilk
c:\users\fane\desktop\fac\oop\of-dinamic\of-dinamic\x64\debug\oferte.obj.enc
c:\users\fane\desktop\fac\oop\of-dinamic\of-dinamic\x64\debug\service.obj.enc
c:\users\fane\desktop\fac\oop\of-dinamic\x64\debug\of-dinamic.pdb
c:\users\fane\desktop\fac\oop\of-dinamic\x64\debug\of-dinamic.exe
c:\users\fane\desktop\fac\oop\of-dinamic\of-dinamic\x64\debug\of-dinamic.tlog\cl.command.1.tlog
c:\users\fane\desktop\fac\oop\of-dinamic\of-dinamic\x64\debug\of-dinamic.tlog\cl.items.tlog
c:\users\fane\desktop\fac\oop\of-dinamic\of-dinamic\x64\debug\of-dinamic.tlog\cl.read.1.tlog
c:\users\fane\desktop\fac\oop\of-dinamic\of-dinamic\x64\debug\of-dinamic.tlog\cl.write.1.tlog
c:\users\fane\desktop\fac\oop\of-dinamic\of-dinamic\x64\debug\of-dinamic.tlog\link.command.1.tlog
c:\users\fane\desktop\fac\oop\of-dinamic\of-dinamic\x64\debug\of-dinamic.tlog\link.read.1.tlog
c:\users\fane\desktop\fac\oop\of-dinamic\of-dinamic\x64\debug\of-dinamic.tlog\link.secondary.1.tlog
c:\users\fane\desktop\fac\oop\of-dinamic\of-dinamic\x64\debug\of-dinamic.tlog\link.write.1.tlog
